<?xml version="1.0" encoding="UTF-8"?>
<!-- Generated by org.testng.reporters.JUnitReportReporter -->
<testsuite hostname="LAPTOP-0BHGAV18" failures="0" tests="2" name="cucumberOptions.TestNGTestRunner" time="25.238" errors="0" timestamp="2024-09-29T19:26:23 IST" skipped="0">
  <testcase classname="cucumberOptions.TestNGTestRunner" name="runScenario" time="12.632"/>
  <testcase classname="cucumberOptions.TestNGTestRunner" name="runScenario" time="12.606"/>
</testsuite> <!-- cucumberOptions.TestNGTestRunner -->
